This file contains any messages produced by compilers while
running configure, to aid debugging if configure makes a mistake.

It was created by libcutl configure 1.9.0, which was
generated by GNU Autoconf 2.69.  Invocation command line was

  $ ./configure CC=/usr/bin/gcc CXX=/usr/bin/g++ CFLAGS=-g3 -gdwarf-2 CXXFLAGS=-g3 -gdwarf-2

## --------- ##
## Platform. ##
## --------- ##

hostname = iot-virtual-machine
uname -m = i686
uname -r = 3.13.0-55-generic
uname -s = Linux
uname -v = #94-Ubuntu SMP Thu Jun 18 00:28:41 UTC 2015

/usr/bin/uname -p = unknown
/bin/uname -X     = unknown

/bin/arch              = unknown
/usr/bin/arch -k       = unknown
/usr/convex/getsysinfo = unknown
/usr/bin/hostinfo      = unknown
/bin/machine           = unknown
/usr/bin/oslevel       = unknown
/bin/universe          = unknown

PATH: /usr/bin
PATH: /usr/local/sbin
PATH: /usr/local/bin
PATH: /usr/sbin
PATH: /usr/bin
PATH: /sbin
PATH: /bin
PATH: /usr/games
PATH: /usr/local/games


## ----------- ##
## Core tests. ##
## ----------- ##

configure:2355: checking for a BSD-compatible install
configure:2423: result: /usr/bin/install -c
configure:2434: checking whether build environment is sane
configure:2489: result: yes
configure:2640: checking for a thread-safe mkdir -p
configure:2679: result: /bin/mkdir -p
configure:2686: checking for gawk
configure:2716: result: no
configure:2686: checking for mawk
configure:2702: found /usr/bin/mawk
configure:2713: result: mawk
configure:2724: checking whether make sets $(MAKE)
configure:2746: result: yes
configure:2827: checking how to create a ustar tar archive
configure:2840: tar --version
tar (GNU tar) 1.27.1
Copyright (C) 2013 Free Software Foundation, Inc.
License GPLv3+: GNU GPL version 3 or later <http://gnu.org/licenses/gpl.html>.
This is free software: you are free to change and redistribute it.
There is NO WARRANTY, to the extent permitted by law.

Written by John Gilmore and Jay Fenlason.
configure:2843: $? = 0
configure:2883: tardir=conftest.dir && eval tar --format=ustar -chf - "$tardir" >conftest.tar
configure:2886: $? = 0
configure:2890: tar -xf - <conftest.tar
configure:2893: $? = 0
configure:2906: result: gnutar
configure:2925: checking for style of include used by make
configure:2953: result: GNU
configure:3024: checking for gcc
configure:3051: result: /usr/bin/gcc
configure:3280: checking for C compiler version
configure:3289: /usr/bin/gcc --version >&5
gcc (Ubuntu 4.8.4-2ubuntu1~14.04) 4.8.4
Copyright (C) 2013 Free Software Foundation, Inc.
This is free software; see the source for copying conditions.  There is NO
warranty; not even for MERCHANTABILITY or FITNESS FOR A PARTICULAR PURPOSE.

configure:3300: $? = 0
configure:3289: /usr/bin/gcc -v >&5
Using built-in specs.
COLLECT_GCC=/usr/bin/gcc
COLLECT_LTO_WRAPPER=/usr/lib/gcc/i686-linux-gnu/4.8/lto-wrapper
Target: i686-linux-gnu
Configured with: ../src/configure -v --with-pkgversion='Ubuntu 4.8.4-2ubuntu1~14.04' --with-bugurl=file:///usr/share/doc/gcc-4.8/README.Bugs --enable-languages=c,c++,java,go,d,fortran,objc,obj-c++ --prefix=/usr --program-suffix=-4.8 --enable-shared --enable-linker-build-id --libexecdir=/usr/lib --without-included-gettext --enable-threads=posix --with-gxx-include-dir=/usr/include/c++/4.8 --libdir=/usr/lib --enable-nls --with-sysroot=/ --enable-clocale=gnu --enable-libstdcxx-debug --enable-libstdcxx-time=yes --enable-gnu-unique-object --disable-libmudflap --enable-plugin --with-system-zlib --disable-browser-plugin --enable-java-awt=gtk --enable-gtk-cairo --with-java-home=/usr/lib/jvm/java-1.5.0-gcj-4.8-i386/jre --enable-java-home --with-jvm-root-dir=/usr/lib/jvm/java-1.5.0-gcj-4.8-i386 --with-jvm-jar-dir=/usr/lib/jvm-exports/java-1.5.0-gcj-4.8-i386 --with-arch-directory=i386 --with-ecj-jar=/usr/share/java/eclipse-ecj.jar --enable-objc-gc --enable-targets=all --enable-multiarch --disable-werror --with-arch-32=i686 --with-multilib-list=m32,m64,mx32 --with-tune=generic --enable-checking=release --build=i686-linux-gnu --host=i686-linux-gnu --target=i686-linux-gnu
Thread model: posix
gcc version 4.8.4 (Ubuntu 4.8.4-2ubuntu1~14.04) 
configure:3300: $? = 0
configure:3289: /usr/bin/gcc -V >&5
gcc: error: unrecognized command line option '-V'
gcc: fatal error: no input files
compilation terminated.
configure:3300: $? = 4
configure:3289: /usr/bin/gcc -qversion >&5
gcc: error: unrecognized command line option '-qversion'
gcc: fatal error: no input files
compilation terminated.
configure:3300: $? = 4
configure:3320: checking whether the C compiler works
configure:3342: /usr/bin/gcc -g3 -gdwarf-2   conftest.c  >&5
configure:3346: $? = 0
configure:3394: result: yes
configure:3397: checking for C compiler default output file name
configure:3399: result: a.out
configure:3405: checking for suffix of executables
configure:3412: /usr/bin/gcc -o conftest -g3 -gdwarf-2   conftest.c  >&5
configure:3416: $? = 0
configure:3438: result: 
configure:3460: checking whether we are cross compiling
configure:3468: /usr/bin/gcc -o conftest -g3 -gdwarf-2   conftest.c  >&5
configure:3472: $? = 0
configure:3479: ./conftest
configure:3483: $? = 0
configure:3498: result: no
configure:3503: checking for suffix of object files
configure:3525: /usr/bin/gcc -c -g3 -gdwarf-2  conftest.c >&5
configure:3529: $? = 0
configure:3550: result: o
configure:3554: checking whether we are using the GNU C compiler
configure:3573: /usr/bin/gcc -c -g3 -gdwarf-2  conftest.c >&5
configure:3573: $? = 0
configure:3582: result: yes
configure:3591: checking whether /usr/bin/gcc accepts -g
configure:3611: /usr/bin/gcc -c -g  conftest.c >&5
configure:3611: $? = 0
configure:3652: result: yes
configure:3669: checking for /usr/bin/gcc option to accept ISO C89
configure:3732: /usr/bin/gcc  -c -g3 -gdwarf-2  conftest.c >&5
configure:3732: $? = 0
configure:3745: result: none needed
configure:3767: checking dependency style of /usr/bin/gcc
configure:3878: result: gcc3
configure:3943: checking for ar
configure:3959: found /usr/bin/ar
configure:3970: result: ar
configure:3996: checking the archiver (ar) interface
configure:4006: /usr/bin/gcc -c -g3 -gdwarf-2  conftest.c >&5
configure:4006: $? = 0
configure:4008: ar cru libconftest.a conftest.o >&5
configure:4011: $? = 0
configure:4034: result: ar
configure:4084: checking build system type
configure:4098: result: i686-pc-linux-gnu
configure:4118: checking host system type
configure:4131: result: i686-pc-linux-gnu
configure:4172: checking how to print strings
configure:4199: result: printf
configure:4220: checking for a sed that does not truncate output
configure:4284: result: /bin/sed
configure:4302: checking for grep that handles long lines and -e
configure:4360: result: /bin/grep
configure:4365: checking for egrep
configure:4427: result: /bin/grep -E
configure:4432: checking for fgrep
configure:4494: result: /bin/grep -F
configure:4529: checking for ld used by /usr/bin/gcc
configure:4596: result: /usr/bin/ld
configure:4603: checking if the linker (/usr/bin/ld) is GNU ld
configure:4618: result: yes
configure:4630: checking for BSD- or MS-compatible name lister (nm)
configure:4679: result: /usr/bin/nm -B
configure:4809: checking the name lister (/usr/bin/nm -B) interface
configure:4816: /usr/bin/gcc -c -g3 -gdwarf-2  conftest.c >&5
configure:4819: /usr/bin/nm -B "conftest.o"
configure:4822: output
00000000 B some_variable
00000000 n wm4.0.447c660a782972a7022253523fc37e02
00000000 n wm4.stdcpredef.h.19.13d357f53e03e35e37f3aa674f978c59
configure:4829: result: BSD nm
configure:4832: checking whether ln -s works
configure:4836: result: yes
configure:4844: checking the maximum length of command line arguments
configure:4975: result: 1572864
configure:4992: checking whether the shell understands some XSI constructs
configure:5002: result: yes
configure:5006: checking whether the shell understands "+="
configure:5012: result: yes
configure:5047: checking how to convert i686-pc-linux-gnu file names to i686-pc-linux-gnu format
configure:5087: result: func_convert_file_noop
configure:5094: checking how to convert i686-pc-linux-gnu file names to toolchain format
configure:5114: result: func_convert_file_noop
configure:5121: checking for /usr/bin/ld option to reload object files
configure:5128: result: -r
configure:5202: checking for objdump
configure:5218: found /usr/bin/objdump
configure:5229: result: objdump
configure:5258: checking how to recognize dependent libraries
configure:5456: result: pass_all
configure:5541: checking for dlltool
configure:5571: result: no
configure:5598: checking how to associate runtime and link libraries
configure:5625: result: printf %s\n
configure:5749: checking for archiver @FILE support
configure:5766: /usr/bin/gcc -c -g3 -gdwarf-2  conftest.c >&5
configure:5766: $? = 0
configure:5769: ar cru libconftest.a @conftest.lst >&5
configure:5772: $? = 0
configure:5777: ar cru libconftest.a @conftest.lst >&5
ar: conftest.o: No such file or directory
configure:5780: $? = 1
configure:5792: result: @
configure:5850: checking for strip
configure:5866: found /usr/bin/strip
configure:5877: result: strip
configure:5949: checking for ranlib
configure:5965: found /usr/bin/ranlib
configure:5976: result: ranlib
configure:6078: checking command to parse /usr/bin/nm -B output from /usr/bin/gcc object
configure:6198: /usr/bin/gcc -c -g3 -gdwarf-2  conftest.c >&5
configure:6201: $? = 0
configure:6205: /usr/bin/nm -B conftest.o \| sed -n -e 's/^.*[ ]\([ABCDGIRSTW][ABCDGIRSTW]*\)[ ][ ]*\([_A-Za-z][_A-Za-z0-9]*\)$/\1 \2 \2/p' | sed '/ __gnu_lto/d' \> conftest.nm
configure:6208: $? = 0
configure:6274: /usr/bin/gcc -o conftest -g3 -gdwarf-2   conftest.c conftstm.o >&5
configure:6277: $? = 0
configure:6315: result: ok
configure:6352: checking for sysroot
configure:6382: result: no
configure:6645: checking for mt
configure:6661: found /bin/mt
configure:6672: result: mt
configure:6695: checking if mt is a manifest tool
configure:6701: mt '-?'
configure:6709: result: no
configure:7351: checking how to run the C preprocessor
configure:7382: /usr/bin/gcc -E  conftest.c
configure:7382: $? = 0
configure:7396: /usr/bin/gcc -E  conftest.c
conftest.c:11:28: fatal error: ac_nonexistent.h: No such file or directory
 #include <ac_nonexistent.h>
                            ^
compilation terminated.
configure:7396: $? = 1
configure: failed program was:
| /* confdefs.h */
| #define PACKAGE_NAME "libcutl"
| #define PACKAGE_TARNAME "libcutl"
| #define PACKAGE_VERSION "1.9.0"
| #define PACKAGE_STRING "libcutl 1.9.0"
| #define PACKAGE_BUGREPORT "libcutl-users@codesynthesis.com"
| #define PACKAGE_URL ""
| #define PACKAGE "libcutl"
| #define VERSION "1.9.0"
| /* end confdefs.h.  */
| #include <ac_nonexistent.h>
configure:7421: result: /usr/bin/gcc -E
configure:7441: /usr/bin/gcc -E  conftest.c
configure:7441: $? = 0
configure:7455: /usr/bin/gcc -E  conftest.c
conftest.c:11:28: fatal error: ac_nonexistent.h: No such file or directory
 #include <ac_nonexistent.h>
                            ^
compilation terminated.
configure:7455: $? = 1
configure: failed program was:
| /* confdefs.h */
| #define PACKAGE_NAME "libcutl"
| #define PACKAGE_TARNAME "libcutl"
| #define PACKAGE_VERSION "1.9.0"
| #define PACKAGE_STRING "libcutl 1.9.0"
| #define PACKAGE_BUGREPORT "libcutl-users@codesynthesis.com"
| #define PACKAGE_URL ""
| #define PACKAGE "libcutl"
| #define VERSION "1.9.0"
| /* end confdefs.h.  */
| #include <ac_nonexistent.h>
configure:7484: checking for ANSI C header files
configure:7504: /usr/bin/gcc -c -g3 -gdwarf-2  conftest.c >&5
configure:7504: $? = 0
configure:7577: /usr/bin/gcc -o conftest -g3 -gdwarf-2   conftest.c  >&5
configure:7577: $? = 0
configure:7577: ./conftest
configure:7577: $? = 0
configure:7588: result: yes
configure:7601: checking for sys/types.h
configure:7601: /usr/bin/gcc -c -g3 -gdwarf-2  conftest.c >&5
configure:7601: $? = 0
configure:7601: result: yes
configure:7601: checking for sys/stat.h
configure:7601: /usr/bin/gcc -c -g3 -gdwarf-2  conftest.c >&5
configure:7601: $? = 0
configure:7601: result: yes
configure:7601: checking for stdlib.h
configure:7601: /usr/bin/gcc -c -g3 -gdwarf-2  conftest.c >&5
configure:7601: $? = 0
configure:7601: result: yes
configure:7601: checking for string.h
configure:7601: /usr/bin/gcc -c -g3 -gdwarf-2  conftest.c >&5
configure:7601: $? = 0
configure:7601: result: yes
configure:7601: checking for memory.h
configure:7601: /usr/bin/gcc -c -g3 -gdwarf-2  conftest.c >&5
configure:7601: $? = 0
configure:7601: result: yes
configure:7601: checking for strings.h
configure:7601: /usr/bin/gcc -c -g3 -gdwarf-2  conftest.c >&5
configure:7601: $? = 0
configure:7601: result: yes
configure:7601: checking for inttypes.h
configure:7601: /usr/bin/gcc -c -g3 -gdwarf-2  conftest.c >&5
configure:7601: $? = 0
configure:7601: result: yes
configure:7601: checking for stdint.h
configure:7601: /usr/bin/gcc -c -g3 -gdwarf-2  conftest.c >&5
configure:7601: $? = 0
configure:7601: result: yes
configure:7601: checking for unistd.h
configure:7601: /usr/bin/gcc -c -g3 -gdwarf-2  conftest.c >&5
configure:7601: $? = 0
configure:7601: result: yes
configure:7615: checking for dlfcn.h
configure:7615: /usr/bin/gcc -c -g3 -gdwarf-2  conftest.c >&5
configure:7615: $? = 0
configure:7615: result: yes
configure:8119: checking for objdir
configure:8134: result: .libs
configure:8405: checking if /usr/bin/gcc supports -fno-rtti -fno-exceptions
configure:8423: /usr/bin/gcc -c -g3 -gdwarf-2  -fno-rtti -fno-exceptions conftest.c >&5
cc1: warning: command line option '-fno-rtti' is valid for C++/ObjC++ but not for C [enabled by default]
configure:8427: $? = 0
configure:8440: result: no
configure:8767: checking for /usr/bin/gcc option to produce PIC
configure:8774: result: -fPIC -DPIC
configure:8782: checking if /usr/bin/gcc PIC flag -fPIC -DPIC works
configure:8800: /usr/bin/gcc -c -g3 -gdwarf-2  -fPIC -DPIC -DPIC conftest.c >&5
configure:8804: $? = 0
configure:8817: result: yes
configure:8846: checking if /usr/bin/gcc static flag -static works
configure:8874: result: yes
configure:8889: checking if /usr/bin/gcc supports -c -o file.o
configure:8910: /usr/bin/gcc -c -g3 -gdwarf-2  -o out/conftest2.o conftest.c >&5
configure:8914: $? = 0
configure:8936: result: yes
configure:8944: checking if /usr/bin/gcc supports -c -o file.o
configure:8991: result: yes
configure:9024: checking whether the /usr/bin/gcc linker (/usr/bin/ld) supports shared libraries
configure:10181: result: yes
configure:10218: checking whether -lc should be explicitly linked in
configure:10226: /usr/bin/gcc -c -g3 -gdwarf-2  conftest.c >&5
configure:10229: $? = 0
configure:10244: /usr/bin/gcc -shared  -fPIC -DPIC conftest.o  -v -Wl,-soname -Wl,conftest -o conftest 2\>\&1 \| /bin/grep  -lc  \>/dev/null 2\>\&1
configure:10247: $? = 0
configure:10261: result: no
configure:10421: checking dynamic linker characteristics
configure:10921: /usr/bin/gcc -o conftest -g3 -gdwarf-2   -Wl,-rpath -Wl,/foo conftest.c  >&5
configure:10921: $? = 0
configure:11155: result: GNU/Linux ld.so
configure:11262: checking how to hardcode library paths into programs
configure:11287: result: immediate
configure:11827: checking whether stripping libraries is possible
configure:11832: result: yes
configure:11867: checking if libtool supports shared libraries
configure:11869: result: yes
configure:11872: checking whether to build shared libraries
configure:11893: result: yes
configure:11896: checking whether to build static libraries
configure:11900: result: yes
configure:12054: checking for C++ compiler version
configure:12063: /usr/bin/g++ --version >&5
g++ (Ubuntu 4.8.4-2ubuntu1~14.04) 4.8.4
Copyright (C) 2013 Free Software Foundation, Inc.
This is free software; see the source for copying conditions.  There is NO
warranty; not even for MERCHANTABILITY or FITNESS FOR A PARTICULAR PURPOSE.

configure:12074: $? = 0
configure:12063: /usr/bin/g++ -v >&5
Using built-in specs.
COLLECT_GCC=/usr/bin/g++
COLLECT_LTO_WRAPPER=/usr/lib/gcc/i686-linux-gnu/4.8/lto-wrapper
Target: i686-linux-gnu
Configured with: ../src/configure -v --with-pkgversion='Ubuntu 4.8.4-2ubuntu1~14.04' --with-bugurl=file:///usr/share/doc/gcc-4.8/README.Bugs --enable-languages=c,c++,java,go,d,fortran,objc,obj-c++ --prefix=/usr --program-suffix=-4.8 --enable-shared --enable-linker-build-id --libexecdir=/usr/lib --without-included-gettext --enable-threads=posix --with-gxx-include-dir=/usr/include/c++/4.8 --libdir=/usr/lib --enable-nls --with-sysroot=/ --enable-clocale=gnu --enable-libstdcxx-debug --enable-libstdcxx-time=yes --enable-gnu-unique-object --disable-libmudflap --enable-plugin --with-system-zlib --disable-browser-plugin --enable-java-awt=gtk --enable-gtk-cairo --with-java-home=/usr/lib/jvm/java-1.5.0-gcj-4.8-i386/jre --enable-java-home --with-jvm-root-dir=/usr/lib/jvm/java-1.5.0-gcj-4.8-i386 --with-jvm-jar-dir=/usr/lib/jvm-exports/java-1.5.0-gcj-4.8-i386 --with-arch-directory=i386 --with-ecj-jar=/usr/share/java/eclipse-ecj.jar --enable-objc-gc --enable-targets=all --enable-multiarch --disable-werror --with-arch-32=i686 --with-multilib-list=m32,m64,mx32 --with-tune=generic --enable-checking=release --build=i686-linux-gnu --host=i686-linux-gnu --target=i686-linux-gnu
Thread model: posix
gcc version 4.8.4 (Ubuntu 4.8.4-2ubuntu1~14.04) 
configure:12074: $? = 0
configure:12063: /usr/bin/g++ -V >&5
g++: error: unrecognized command line option '-V'
g++: fatal error: no input files
compilation terminated.
configure:12074: $? = 4
configure:12063: /usr/bin/g++ -qversion >&5
g++: error: unrecognized command line option '-qversion'
g++: fatal error: no input files
compilation terminated.
configure:12074: $? = 4
configure:12078: checking whether we are using the GNU C++ compiler
configure:12097: /usr/bin/g++ -c -g3 -gdwarf-2  conftest.cpp >&5
configure:12097: $? = 0
configure:12106: result: yes
configure:12115: checking whether /usr/bin/g++ accepts -g
configure:12135: /usr/bin/g++ -c -g  conftest.cpp >&5
configure:12135: $? = 0
configure:12176: result: yes
configure:12201: checking dependency style of /usr/bin/g++
configure:12312: result: gcc3
configure:12345: checking how to run the C++ preprocessor
configure:12372: /usr/bin/g++ -E  conftest.cpp
configure:12372: $? = 0
configure:12386: /usr/bin/g++ -E  conftest.cpp
conftest.cpp:23:28: fatal error: ac_nonexistent.h: No such file or directory
 #include <ac_nonexistent.h>
                            ^
compilation terminated.
configure:12386: $? = 1
configure: failed program was:
| /* confdefs.h */
| #define PACKAGE_NAME "libcutl"
| #define PACKAGE_TARNAME "libcutl"
| #define PACKAGE_VERSION "1.9.0"
| #define PACKAGE_STRING "libcutl 1.9.0"
| #define PACKAGE_BUGREPORT "libcutl-users@codesynthesis.com"
| #define PACKAGE_URL ""
| #define PACKAGE "libcutl"
| #define VERSION "1.9.0"
| #define STDC_HEADERS 1
| #define HAVE_SYS_TYPES_H 1
| #define HAVE_SYS_STAT_H 1
| #define HAVE_STDLIB_H 1
| #define HAVE_STRING_H 1
| #define HAVE_MEMORY_H 1
| #define HAVE_STRINGS_H 1
| #define HAVE_INTTYPES_H 1
| #define HAVE_STDINT_H 1
| #define HAVE_UNISTD_H 1
| #define HAVE_DLFCN_H 1
| #define LT_OBJDIR ".libs/"
| /* end confdefs.h.  */
| #include <ac_nonexistent.h>
configure:12411: result: /usr/bin/g++ -E
configure:12431: /usr/bin/g++ -E  conftest.cpp
configure:12431: $? = 0
configure:12445: /usr/bin/g++ -E  conftest.cpp
conftest.cpp:23:28: fatal error: ac_nonexistent.h: No such file or directory
 #include <ac_nonexistent.h>
                            ^
compilation terminated.
configure:12445: $? = 1
configure: failed program was:
| /* confdefs.h */
| #define PACKAGE_NAME "libcutl"
| #define PACKAGE_TARNAME "libcutl"
| #define PACKAGE_VERSION "1.9.0"
| #define PACKAGE_STRING "libcutl 1.9.0"
| #define PACKAGE_BUGREPORT "libcutl-users@codesynthesis.com"
| #define PACKAGE_URL ""
| #define PACKAGE "libcutl"
| #define VERSION "1.9.0"
| #define STDC_HEADERS 1
| #define HAVE_SYS_TYPES_H 1
| #define HAVE_SYS_STAT_H 1
| #define HAVE_STDLIB_H 1
| #define HAVE_STRING_H 1
| #define HAVE_MEMORY_H 1
| #define HAVE_STRINGS_H 1
| #define HAVE_INTTYPES_H 1
| #define HAVE_STDINT_H 1
| #define HAVE_UNISTD_H 1
| #define HAVE_DLFCN_H 1
| #define LT_OBJDIR ".libs/"
| /* end confdefs.h.  */
| #include <ac_nonexistent.h>
configure:12614: checking for ld used by /usr/bin/g++
configure:12681: result: /usr/bin/ld
configure:12688: checking if the linker (/usr/bin/ld) is GNU ld
configure:12703: result: yes
configure:12758: checking whether the /usr/bin/g++ linker (/usr/bin/ld) supports shared libraries
configure:13760: result: yes
configure:13796: /usr/bin/g++ -c -g3 -gdwarf-2  conftest.cpp >&5
configure:13799: $? = 0
configure:14319: checking for /usr/bin/g++ option to produce PIC
configure:14326: result: -fPIC -DPIC
configure:14334: checking if /usr/bin/g++ PIC flag -fPIC -DPIC works
configure:14352: /usr/bin/g++ -c -g3 -gdwarf-2  -fPIC -DPIC -DPIC conftest.cpp >&5
configure:14356: $? = 0
configure:14369: result: yes
configure:14392: checking if /usr/bin/g++ static flag -static works
configure:14420: result: yes
configure:14432: checking if /usr/bin/g++ supports -c -o file.o
configure:14453: /usr/bin/g++ -c -g3 -gdwarf-2  -o out/conftest2.o conftest.cpp >&5
configure:14457: $? = 0
configure:14479: result: yes
configure:14484: checking if /usr/bin/g++ supports -c -o file.o
configure:14531: result: yes
configure:14561: checking whether the /usr/bin/g++ linker (/usr/bin/ld) supports shared libraries
configure:14600: result: yes
configure:14741: checking dynamic linker characteristics
configure:15409: result: GNU/Linux ld.so
configure:15462: checking how to hardcode library paths into programs
configure:15487: result: immediate
configure:15537: creating ./config.lt

## ------------------ ##
## Running config.lt. ##
## ------------------ ##
config.lt:682: creating libtool
configure:17177: checking if we should use external boost
configure:17678: result: no
configure:17920: checking for the pthreads library -lpthreads
configure:17954: /usr/bin/g++ -o conftest -g3 -gdwarf-2    conftest.cpp -lpthreads  >&5
conftest.cpp: In function 'int main()':
conftest.cpp:28:41: warning: null argument where non-null required (argument 1) [-Wnonnull]
                      pthread_attr_init(0); pthread_cleanup_push(0, 0);
                                         ^
conftest.cpp:29:44: warning: null argument where non-null required (argument 1) [-Wnonnull]
                      pthread_create(0,0,0,0); pthread_cleanup_pop(0);
                                            ^
conftest.cpp:29:44: warning: null argument where non-null required (argument 3) [-Wnonnull]
/usr/bin/ld: cannot find -lpthreads
collect2: error: ld returned 1 exit status
configure:17954: $? = 1
configure: failed program was:
| /* confdefs.h */
| #define PACKAGE_NAME "libcutl"
| #define PACKAGE_TARNAME "libcutl"
| #define PACKAGE_VERSION "1.9.0"
| #define PACKAGE_STRING "libcutl 1.9.0"
| #define PACKAGE_BUGREPORT "libcutl-users@codesynthesis.com"
| #define PACKAGE_URL ""
| #define PACKAGE "libcutl"
| #define VERSION "1.9.0"
| #define STDC_HEADERS 1
| #define HAVE_SYS_TYPES_H 1
| #define HAVE_SYS_STAT_H 1
| #define HAVE_STDLIB_H 1
| #define HAVE_STRING_H 1
| #define HAVE_MEMORY_H 1
| #define HAVE_STRINGS_H 1
| #define HAVE_INTTYPES_H 1
| #define HAVE_STDINT_H 1
| #define HAVE_UNISTD_H 1
| #define HAVE_DLFCN_H 1
| #define LT_OBJDIR ".libs/"
| /* end confdefs.h.  */
| #include <pthread.h>
| int
| main ()
| {
| pthread_t th; pthread_join(th, 0);
|                      pthread_attr_init(0); pthread_cleanup_push(0, 0);
|                      pthread_create(0,0,0,0); pthread_cleanup_pop(0);
|   ;
|   return 0;
| }
configure:17963: result: no
configure:17920: checking for the pthreads library -lpthread
configure:17954: /usr/bin/g++ -o conftest -g3 -gdwarf-2    conftest.cpp -lpthread  >&5
conftest.cpp: In function 'int main()':
conftest.cpp:28:41: warning: null argument where non-null required (argument 1) [-Wnonnull]
                      pthread_attr_init(0); pthread_cleanup_push(0, 0);
                                         ^
conftest.cpp:29:44: warning: null argument where non-null required (argument 1) [-Wnonnull]
                      pthread_create(0,0,0,0); pthread_cleanup_pop(0);
                                            ^
conftest.cpp:29:44: warning: null argument where non-null required (argument 3) [-Wnonnull]
configure:17954: $? = 0
configure:17963: result: yes
configure:17982: checking if more special flags are required for pthreads
configure:17991: result: -D_REENTRANT
configure:18034: checking for __thread keyword
configure:18065: /usr/bin/g++ -c -g3 -gdwarf-2 -D_REENTRANT   conftest.cpp >&5
configure:18065: $? = 0
configure:18072: ./libtool --tag=CXX --mode=link /usr/bin/g++ -no-install -g3 -gdwarf-2 -D_REENTRANT   -o conftest conftest.o  -lpthread >&5
libtool: link: /usr/bin/g++ -g3 -gdwarf-2 -D_REENTRANT -o conftest conftest.o  -lpthread
configure:18076: $? = 0
configure:18109: result: yes
configure:18129: checking if we should use external expat
configure:18252: result: no
configure:18268: checking whether byte ordering is bigendian
configure:18283: /usr/bin/g++ -c -g3 -gdwarf-2 -D_REENTRANT   conftest.cpp >&5
conftest.cpp:25:9: error: expected unqualified-id before 'not' token
         not a universal capable compiler
         ^
configure:18283: $? = 1
configure: failed program was:
| /* confdefs.h */
| #define PACKAGE_NAME "libcutl"
| #define PACKAGE_TARNAME "libcutl"
| #define PACKAGE_VERSION "1.9.0"
| #define PACKAGE_STRING "libcutl 1.9.0"
| #define PACKAGE_BUGREPORT "libcutl-users@codesynthesis.com"
| #define PACKAGE_URL ""
| #define PACKAGE "libcutl"
| #define VERSION "1.9.0"
| #define STDC_HEADERS 1
| #define HAVE_SYS_TYPES_H 1
| #define HAVE_SYS_STAT_H 1
| #define HAVE_STDLIB_H 1
| #define HAVE_STRING_H 1
| #define HAVE_MEMORY_H 1
| #define HAVE_STRINGS_H 1
| #define HAVE_INTTYPES_H 1
| #define HAVE_STDINT_H 1
| #define HAVE_UNISTD_H 1
| #define HAVE_DLFCN_H 1
| #define LT_OBJDIR ".libs/"
| #define HAVE_PTHREAD 1
| /* end confdefs.h.  */
| #ifndef __APPLE_CC__
| 	       not a universal capable compiler
| 	     #endif
| 	     typedef int dummy;
| 
configure:18328: /usr/bin/g++ -c -g3 -gdwarf-2 -D_REENTRANT   conftest.cpp >&5
configure:18328: $? = 0
configure:18346: /usr/bin/g++ -c -g3 -gdwarf-2 -D_REENTRANT   conftest.cpp >&5
conftest.cpp: In function 'int main()':
conftest.cpp:31:8: error: 'big' was not declared in this scope
    not big endian
        ^
conftest.cpp:31:12: error: expected ';' before 'endian'
    not big endian
            ^
configure:18346: $? = 1
configure: failed program was:
| /* confdefs.h */
| #define PACKAGE_NAME "libcutl"
| #define PACKAGE_TARNAME "libcutl"
| #define PACKAGE_VERSION "1.9.0"
| #define PACKAGE_STRING "libcutl 1.9.0"
| #define PACKAGE_BUGREPORT "libcutl-users@codesynthesis.com"
| #define PACKAGE_URL ""
| #define PACKAGE "libcutl"
| #define VERSION "1.9.0"
| #define STDC_HEADERS 1
| #define HAVE_SYS_TYPES_H 1
| #define HAVE_SYS_STAT_H 1
| #define HAVE_STDLIB_H 1
| #define HAVE_STRING_H 1
| #define HAVE_MEMORY_H 1
| #define HAVE_STRINGS_H 1
| #define HAVE_INTTYPES_H 1
| #define HAVE_STDINT_H 1
| #define HAVE_UNISTD_H 1
| #define HAVE_DLFCN_H 1
| #define LT_OBJDIR ".libs/"
| #define HAVE_PTHREAD 1
| /* end confdefs.h.  */
| #include <sys/types.h>
| 		#include <sys/param.h>
| 
| int
| main ()
| {
| #if BYTE_ORDER != BIG_ENDIAN
| 		 not big endian
| 		#endif
| 
|   ;
|   return 0;
| }
configure:18474: result: no
configure:18530: checking whether to use rpath
configure:18539: result: yes
configure:18663: checking that generated files are newer than configure
configure:18669: result: done
configure:18705: creating ./config.status

## ---------------------- ##
## Running config.status. ##
## ---------------------- ##

This file was extended by libcutl config.status 1.9.0, which was
generated by GNU Autoconf 2.69.  Invocation command line was

  CONFIG_FILES    = 
  CONFIG_HEADERS  = 
  CONFIG_LINKS    = 
  CONFIG_COMMANDS = 
  $ ./config.status 

on iot-virtual-machine

config.status:1158: creating cutl/Makefile
config.status:1158: creating libcutl.pc
config.status:1158: creating Makefile
config.status:1158: creating cutl/config.h
config.status:1158: creating cutl/details/config.h
config.status:1387: executing depfiles commands
config.status:1387: executing libtool commands
config.status:1387: executing libtool-rpath-patch commands

## ---------------- ##
## Cache variables. ##
## ---------------- ##

ac_cv_build=i686-pc-linux-gnu
ac_cv_c_bigendian=no
ac_cv_c_compiler_gnu=yes
ac_cv_cxx_compiler_gnu=yes
ac_cv_env_CCC_set=
ac_cv_env_CCC_value=
ac_cv_env_CC_set=set
ac_cv_env_CC_value=/usr/bin/gcc
ac_cv_env_CFLAGS_set=set
ac_cv_env_CFLAGS_value='-g3 -gdwarf-2'
ac_cv_env_CPPFLAGS_set=
ac_cv_env_CPPFLAGS_value=
ac_cv_env_CPP_set=
ac_cv_env_CPP_value=
ac_cv_env_CXXCPP_set=
ac_cv_env_CXXCPP_value=
ac_cv_env_CXXFLAGS_set=set
ac_cv_env_CXXFLAGS_value='-g3 -gdwarf-2'
ac_cv_env_CXX_set=set
ac_cv_env_CXX_value=/usr/bin/g++
ac_cv_env_LDFLAGS_set=
ac_cv_env_LDFLAGS_value=
ac_cv_env_LIBS_set=
ac_cv_env_LIBS_value=
ac_cv_env_build_alias_set=
ac_cv_env_build_alias_value=
ac_cv_env_host_alias_set=
ac_cv_env_host_alias_value=
ac_cv_env_target_alias_set=
ac_cv_env_target_alias_value=
ac_cv_header_dlfcn_h=yes
ac_cv_header_inttypes_h=yes
ac_cv_header_memory_h=yes
ac_cv_header_stdc=yes
ac_cv_header_stdint_h=yes
ac_cv_header_stdlib_h=yes
ac_cv_header_string_h=yes
ac_cv_header_strings_h=yes
ac_cv_header_sys_stat_h=yes
ac_cv_header_sys_types_h=yes
ac_cv_header_unistd_h=yes
ac_cv_host=i686-pc-linux-gnu
ac_cv_objext=o
ac_cv_path_EGREP='/bin/grep -E'
ac_cv_path_FGREP='/bin/grep -F'
ac_cv_path_GREP=/bin/grep
ac_cv_path_SED=/bin/sed
ac_cv_path_install='/usr/bin/install -c'
ac_cv_path_mkdir=/bin/mkdir
ac_cv_prog_AWK=mawk
ac_cv_prog_CPP='/usr/bin/gcc -E'
ac_cv_prog_CXXCPP='/usr/bin/g++ -E'
ac_cv_prog_ac_ct_AR=ar
ac_cv_prog_ac_ct_CC=/usr/bin/gcc
ac_cv_prog_ac_ct_MANIFEST_TOOL=mt
ac_cv_prog_ac_ct_OBJDUMP=objdump
ac_cv_prog_ac_ct_RANLIB=ranlib
ac_cv_prog_ac_ct_STRIP=strip
ac_cv_prog_cc_c89=
ac_cv_prog_cc_g=yes
ac_cv_prog_cxx_g=yes
ac_cv_prog_make_make_set=yes
am_cv_CC_dependencies_compiler_type=gcc3
am_cv_CXX_dependencies_compiler_type=gcc3
am_cv_ar_interface=ar
am_cv_prog_tar_ustar=gnutar
lt_cv_ar_at_file=@
lt_cv_archive_cmds_need_lc=no
lt_cv_deplibs_check_method=pass_all
lt_cv_file_magic_cmd='$MAGIC_CMD'
lt_cv_file_magic_test_file=
lt_cv_ld_reload_flag=-r
lt_cv_nm_interface='BSD nm'
lt_cv_objdir=.libs
lt_cv_path_LD=/usr/bin/ld
lt_cv_path_LDCXX=/usr/bin/ld
lt_cv_path_NM='/usr/bin/nm -B'
lt_cv_path_mainfest_tool=no
lt_cv_prog_compiler_c_o=yes
lt_cv_prog_compiler_c_o_CXX=yes
lt_cv_prog_compiler_pic='-fPIC -DPIC'
lt_cv_prog_compiler_pic_CXX='-fPIC -DPIC'
lt_cv_prog_compiler_pic_works=yes
lt_cv_prog_compiler_pic_works_CXX=yes
lt_cv_prog_compiler_rtti_exceptions=no
lt_cv_prog_compiler_static_works=yes
lt_cv_prog_compiler_static_works_CXX=yes
lt_cv_prog_gnu_ld=yes
lt_cv_prog_gnu_ldcxx=yes
lt_cv_sharedlib_from_linklib_cmd='printf %s\n'
lt_cv_shlibpath_overrides_runpath=no
lt_cv_sys_global_symbol_pipe='sed -n -e '\''s/^.*[	 ]\([ABCDGIRSTW][ABCDGIRSTW]*\)[	 ][	 ]*\([_A-Za-z][_A-Za-z0-9]*\)$/\1 \2 \2/p'\'' | sed '\''/ __gnu_lto/d'\'''
lt_cv_sys_global_symbol_to_c_name_address='sed -n -e '\''s/^: \([^ ]*\)[ ]*$/  {\"\1\", (void *) 0},/p'\'' -e '\''s/^[ABCDGIRSTW]* \([^ ]*\) \([^ ]*\)$/  {"\2", (void *) \&\2},/p'\'''
lt_cv_sys_global_symbol_to_c_name_address_lib_prefix='sed -n -e '\''s/^: \([^ ]*\)[ ]*$/  {\"\1\", (void *) 0},/p'\'' -e '\''s/^[ABCDGIRSTW]* \([^ ]*\) \(lib[^ ]*\)$/  {"\2", (void *) \&\2},/p'\'' -e '\''s/^[ABCDGIRSTW]* \([^ ]*\) \([^ ]*\)$/  {"lib\2", (void *) \&\2},/p'\'''
lt_cv_sys_global_symbol_to_cdecl='sed -n -e '\''s/^T .* \(.*\)$/extern int \1();/p'\'' -e '\''s/^[ABCDGIRSTW]* .* \(.*\)$/extern char \1;/p'\'''
lt_cv_sys_max_cmd_len=1572864
lt_cv_to_host_file_cmd=func_convert_file_noop
lt_cv_to_tool_file_cmd=func_convert_file_noop

## ----------------- ##
## Output variables. ##
## ----------------- ##

ACLOCAL='${SHELL} /home/iot/NetBeansProjects/libcutl-1.9.0/config/missing --run aclocal-1.12'
AMDEPBACKSLASH='\'
AMDEP_FALSE='#'
AMDEP_TRUE=''
AMTAR='$${TAR-tar}'
AR='ar'
AS='as'
AUTOCONF='${SHELL} /home/iot/NetBeansProjects/libcutl-1.9.0/config/missing --run autoconf'
AUTOHEADER='${SHELL} /home/iot/NetBeansProjects/libcutl-1.9.0/config/missing --run autoheader'
AUTOMAKE='${SHELL} /home/iot/NetBeansProjects/libcutl-1.9.0/config/missing --run automake-1.12'
AWK='mawk'
CC='/usr/bin/gcc'
CCDEPMODE='depmode=gcc3'
CFLAGS='-g3 -gdwarf-2'
CPP='/usr/bin/gcc -E'
CPPFLAGS=''
CXX='/usr/bin/g++'
CXXCPP='/usr/bin/g++ -E'
CXXDEPMODE='depmode=gcc3'
CXXFLAGS='-g3 -gdwarf-2 -D_REENTRANT '
CYGPATH_W='echo'
DEFS='-DHAVE_CONFIG_H'
DEPDIR='.deps'
DLLTOOL='false'
DSYMUTIL=''
DUMPBIN=''
ECHO_C=''
ECHO_N='-n'
ECHO_T=''
EGREP='/bin/grep -E'
EXEEXT=''
FGREP='/bin/grep -F'
GREP='/bin/grep'
INSTALL_DATA='${INSTALL} -m 644'
INSTALL_PROGRAM='${INSTALL}'
INSTALL_SCRIPT='${INSTALL}'
INSTALL_STRIP_PROGRAM='$(install_sh) -c -s'
LD='/usr/bin/ld'
LDFLAGS=''
LIBCUTL_EXTERNAL_BOOST_FALSE=''
LIBCUTL_EXTERNAL_BOOST_TRUE='#'
LIBCUTL_EXTERNAL_EXPAT_FALSE=''
LIBCUTL_EXTERNAL_EXPAT_TRUE='#'
LIBOBJS=''
LIBS=' -lpthread'
LIBTOOL='$(SHELL) $(top_builddir)/libtool'
LIPO=''
LN_S='ln -s'
LTLIBOBJS=''
MAKEINFO='${SHELL} /home/iot/NetBeansProjects/libcutl-1.9.0/config/missing --run makeinfo'
MANIFEST_TOOL=':'
MKDIR_P='/bin/mkdir -p'
NM='/usr/bin/nm -B'
NMEDIT=''
OBJDUMP='objdump'
OBJEXT='o'
OTOOL64=''
OTOOL=''
PACKAGE='libcutl'
PACKAGE_BUGREPORT='libcutl-users@codesynthesis.com'
PACKAGE_NAME='libcutl'
PACKAGE_STRING='libcutl 1.9.0'
PACKAGE_TARNAME='libcutl'
PACKAGE_URL=''
PACKAGE_VERSION='1.9.0'
PATH_SEPARATOR=':'
PTHREAD_CXX=''
PTHREAD_CXXFLAGS='-D_REENTRANT '
PTHREAD_LIBS='-lpthread'
RANLIB='ranlib'
SED='/bin/sed'
SET_MAKE=''
SHELL='/bin/bash'
STRIP='strip'
VERSION='1.9.0'
ac_ct_AR='ar'
ac_ct_CC='/usr/bin/gcc'
ac_ct_CXX=''
ac_ct_DUMPBIN=''
acx_pthread_config=''
am__EXEEXT_FALSE=''
am__EXEEXT_TRUE='#'
am__fastdepCC_FALSE='#'
am__fastdepCC_TRUE=''
am__fastdepCXX_FALSE='#'
am__fastdepCXX_TRUE=''
am__include='include'
am__isrc=''
am__leading_dot='.'
am__nodep='_no'
am__quote=''
am__tar='tar --format=ustar -chf - "$$tardir"'
am__untar='tar -xf -'
bindir='${exec_prefix}/bin'
build='i686-pc-linux-gnu'
build_alias=''
build_cpu='i686'
build_os='linux-gnu'
build_vendor='pc'
datadir='${datarootdir}'
datarootdir='${prefix}/share'
docdir='${datarootdir}/doc/${PACKAGE_TARNAME}'
dvidir='${docdir}'
exec_prefix='${prefix}'
host='i686-pc-linux-gnu'
host_alias=''
host_cpu='i686'
host_os='linux-gnu'
host_vendor='pc'
htmldir='${docdir}'
includedir='${prefix}/include'
infodir='${datarootdir}/info'
install_sh='${SHELL} /home/iot/NetBeansProjects/libcutl-1.9.0/config/install-sh'
libdir='${exec_prefix}/lib'
libexecdir='${exec_prefix}/libexec'
localedir='${datarootdir}/locale'
localstatedir='${prefix}/var'
mandir='${datarootdir}/man'
mkdir_p='$(MKDIR_P)'
oldincludedir='/usr/include'
pdfdir='${docdir}'
pkgconfigdir='${libdir}/pkgconfig'
prefix='/usr/local'
program_transform_name='s,x,x,'
psdir='${docdir}'
sbindir='${exec_prefix}/sbin'
sharedstatedir='${prefix}/com'
sysconfdir='${prefix}/etc'
target_alias=''

## ----------- ##
## confdefs.h. ##
## ----------- ##

/* confdefs.h */
#define PACKAGE_NAME "libcutl"
#define PACKAGE_TARNAME "libcutl"
#define PACKAGE_VERSION "1.9.0"
#define PACKAGE_STRING "libcutl 1.9.0"
#define PACKAGE_BUGREPORT "libcutl-users@codesynthesis.com"
#define PACKAGE_URL ""
#define PACKAGE "libcutl"
#define VERSION "1.9.0"
#define STDC_HEADERS 1
#define HAVE_SYS_TYPES_H 1
#define HAVE_SYS_STAT_H 1
#define HAVE_STDLIB_H 1
#define HAVE_STRING_H 1
#define HAVE_MEMORY_H 1
#define HAVE_STRINGS_H 1
#define HAVE_INTTYPES_H 1
#define HAVE_STDINT_H 1
#define HAVE_UNISTD_H 1
#define HAVE_DLFCN_H 1
#define LT_OBJDIR ".libs/"
#define HAVE_PTHREAD 1
#define LIBCUTL_BYTEORDER 1234

configure: exit 0
